<?xml version="1.0" encoding="UTF-8"?>
<!-- Generated by org.testng.reporters.JUnitReportReporter -->
<testsuite skipped="0" hostname="LAPTOP-KV4TFIA1" name="com.inetbanking.testCases.TC_LoginTest_001" tests="1" failures="0" timestamp="18 Aug 2020 18:41:03 GMT" time="12.027" errors="0">
  <testcase name="loginTest" time="12.027" classname="com.inetbanking.testCases.TC_LoginTest_001"/>
</testsuite> <!-- com.inetbanking.testCases.TC_LoginTest_001 -->
