<?xml version="1.0" encoding="UTF-8"?>
<!-- Generated by org.testng.reporters.JUnitReportReporter -->
<testsuite skipped="0" hostname="LAPTOP-KV4TFIA1" name="com.inetbanking.testCases.TC_LoginTest_001" tests="1" failures="0" timestamp="25 Aug 2020 15:54:54 GMT" time="12.932" errors="0">
  <testcase name="loginTest" time="12.932" classname="com.inetbanking.testCases.TC_LoginTest_001"/>
</testsuite> <!-- com.inetbanking.testCases.TC_LoginTest_001 -->
